D:\VISUAL_STUDIO_WORKSPACE\MPI_LAB_3\MPI_LAB_3\RELEASE\MPI_LAB_3.PCH
D:\VISUAL_STUDIO_WORKSPACE\MPI_LAB_3\MPI_LAB_3\RELEASE\STDAFX.OBJ
D:\VISUAL_STUDIO_WORKSPACE\MPI_LAB_3\MPI_LAB_3\RELEASE\VC110.PDB
D:\VISUAL_STUDIO_WORKSPACE\MPI_LAB_3\MPI_LAB_3\RELEASE\MPI_LAB_3.OBJ
D:\VISUAL_STUDIO_WORKSPACE\MPI_LAB_3\RELEASE\MPI_LAB_3.EXE
D:\VISUAL_STUDIO_WORKSPACE\MPI_LAB_3\RELEASE\MPI_LAB_3.PDB
D:\Visual_Studio_Workspace\MPI_lab_3\MPI_lab_3\Release\MPI_lab_3.obj
D:\Visual_Studio_Workspace\MPI_lab_3\MPI_lab_3\Release\stdafx.obj
D:\Visual_Studio_Workspace\MPI_lab_3\MPI_lab_3\Release\cl.command.1.tlog
D:\Visual_Studio_Workspace\MPI_lab_3\MPI_lab_3\Release\CL.read.1.tlog
D:\Visual_Studio_Workspace\MPI_lab_3\MPI_lab_3\Release\CL.write.1.tlog
D:\Visual_Studio_Workspace\MPI_lab_3\MPI_lab_3\Release\link-cvtres.read.1.tlog
D:\Visual_Studio_Workspace\MPI_lab_3\MPI_lab_3\Release\link-cvtres.write.1.tlog
D:\Visual_Studio_Workspace\MPI_lab_3\MPI_lab_3\Release\link-rc.read.1.tlog
D:\Visual_Studio_Workspace\MPI_lab_3\MPI_lab_3\Release\link-rc.write.1.tlog
D:\Visual_Studio_Workspace\MPI_lab_3\MPI_lab_3\Release\link.command.1.tlog
D:\Visual_Studio_Workspace\MPI_lab_3\MPI_lab_3\Release\link.read.1.tlog
D:\Visual_Studio_Workspace\MPI_lab_3\MPI_lab_3\Release\link.write.1.tlog
D:\Visual_Studio_Workspace\MPI_lab_3\MPI_lab_3\Release\MPI_lab_3.pch
D:\Visual_Studio_Workspace\MPI_lab_3\MPI_lab_3\Release\vc110.pdb
D:\Visual_Studio_Workspace\MPI_lab_3\Release\MPI_lab_3.pdb
D:\Visual_Studio_Workspace\MPI_lab_3\Release\MPI_lab_3.exe
