D:\VISUAL_STUDIO_WORKSPACE\MPI_LAB_3\MPI_LAB_3\DEBUG\MPI_LAB_3.PCH
D:\VISUAL_STUDIO_WORKSPACE\MPI_LAB_3\MPI_LAB_3\DEBUG\STDAFX.OBJ
D:\VISUAL_STUDIO_WORKSPACE\MPI_LAB_3\MPI_LAB_3\DEBUG\VC110.PDB
D:\VISUAL_STUDIO_WORKSPACE\MPI_LAB_3\MPI_LAB_3\DEBUG\MPI_LAB_3.OBJ
D:\VISUAL_STUDIO_WORKSPACE\MPI_LAB_3\DEBUG\MPI_LAB_3.ILK
D:\VISUAL_STUDIO_WORKSPACE\MPI_LAB_3\DEBUG\MPI_LAB_3.EXE
D:\VISUAL_STUDIO_WORKSPACE\MPI_LAB_3\DEBUG\MPI_LAB_3.PDB
D:\Visual_Studio_Workspace\MPI_lab_3\MPI_lab_3\Debug\MPI_lab_3.obj
D:\Visual_Studio_Workspace\MPI_lab_3\MPI_lab_3\Debug\stdafx.obj
D:\Visual_Studio_Workspace\MPI_lab_3\MPI_lab_3\Debug\cl.command.1.tlog
D:\Visual_Studio_Workspace\MPI_lab_3\MPI_lab_3\Debug\CL.read.1.tlog
D:\Visual_Studio_Workspace\MPI_lab_3\MPI_lab_3\Debug\CL.write.1.tlog
D:\Visual_Studio_Workspace\MPI_lab_3\MPI_lab_3\Debug\link-cvtres.read.1.tlog
D:\Visual_Studio_Workspace\MPI_lab_3\MPI_lab_3\Debug\link-cvtres.write.1.tlog
D:\Visual_Studio_Workspace\MPI_lab_3\MPI_lab_3\Debug\link-rc.read.1.tlog
D:\Visual_Studio_Workspace\MPI_lab_3\MPI_lab_3\Debug\link-rc.write.1.tlog
D:\Visual_Studio_Workspace\MPI_lab_3\MPI_lab_3\Debug\link.2900-cvtres.read.1.tlog
D:\Visual_Studio_Workspace\MPI_lab_3\MPI_lab_3\Debug\link.2900-cvtres.write.1.tlog
D:\Visual_Studio_Workspace\MPI_lab_3\MPI_lab_3\Debug\link.2900-rc.read.1.tlog
D:\Visual_Studio_Workspace\MPI_lab_3\MPI_lab_3\Debug\link.2900-rc.write.1.tlog
D:\Visual_Studio_Workspace\MPI_lab_3\MPI_lab_3\Debug\link.2900.read.1.tlog
D:\Visual_Studio_Workspace\MPI_lab_3\MPI_lab_3\Debug\link.2900.write.1.tlog
D:\Visual_Studio_Workspace\MPI_lab_3\MPI_lab_3\Debug\link.command.1.tlog
D:\Visual_Studio_Workspace\MPI_lab_3\MPI_lab_3\Debug\link.read.1.tlog
D:\Visual_Studio_Workspace\MPI_lab_3\MPI_lab_3\Debug\link.write.1.tlog
D:\Visual_Studio_Workspace\MPI_lab_3\MPI_lab_3\Debug\MPI_lab_3.pch
D:\Visual_Studio_Workspace\MPI_lab_3\MPI_lab_3\Debug\vc110.idb
D:\Visual_Studio_Workspace\MPI_lab_3\MPI_lab_3\Debug\vc110.pdb
D:\Visual_Studio_Workspace\MPI_lab_3\Debug\MPI_lab_3.pdb
D:\Visual_Studio_Workspace\MPI_lab_3\Debug\MPI_lab_3.exe
D:\Visual_Studio_Workspace\MPI_lab_3\Debug\MPI_lab_3.ilk
